[31-May-2025 17:48:27 Europe/Berlin] PHP Warning:  require_once(C:\xampp\htdocs\Mima-Website\controllers/../views/help/index.php): Failed to open stream: No such file or directory in C:\xampp\htdocs\Mima-Website\controllers\BaseController.php on line 34
[31-May-2025 17:48:27 Europe/Berlin] PHP Fatal error:  Uncaught Error: Failed opening required 'C:\xampp\htdocs\Mima-Website\controllers/../views/help/index.php' (include_path='C:\xampp\php\PEAR') in C:\xampp\htdocs\Mima-Website\controllers\BaseController.php:34
Stack trace:
#0 C:\xampp\htdocs\Mima-Website\controllers\HelpController.php(38): BaseController->render('help/index', Array)
#1 C:\xampp\htdocs\Mima-Website\routes.php(184): HelpController->index()
#2 {main}
  thrown in C:\xampp\htdocs\Mima-Website\controllers\BaseController.php on line 34
[31-May-2025 17:48:51 Europe/Berlin] PHP Fatal error:  Uncaught Error: Call to undefined method Product::getAll() in C:\xampp\htdocs\Mima-Website\controllers\ProductController.php:17
Stack trace:
#0 C:\xampp\htdocs\Mima-Website\routes.php(68): ProductController->index()
#1 {main}
  thrown in C:\xampp\htdocs\Mima-Website\controllers\ProductController.php on line 17
[31-May-2025 17:53:21 Europe/Berlin] PHP Fatal error:  Uncaught Error: Call to undefined method Product::getAll() in C:\xampp\htdocs\Mima-Website\controllers\ProductController.php:17
Stack trace:
#0 C:\xampp\htdocs\Mima-Website\routes.php(68): ProductController->index()
#1 {main}
  thrown in C:\xampp\htdocs\Mima-Website\controllers\ProductController.php on line 17
[31-May-2025 17:53:23 Europe/Berlin] PHP Warning:  require_once(C:\xampp\htdocs\Mima-Website\controllers/../views/help/index.php): Failed to open stream: No such file or directory in C:\xampp\htdocs\Mima-Website\controllers\BaseController.php on line 34
[31-May-2025 17:53:23 Europe/Berlin] PHP Fatal error:  Uncaught Error: Failed opening required 'C:\xampp\htdocs\Mima-Website\controllers/../views/help/index.php' (include_path='C:\xampp\php\PEAR') in C:\xampp\htdocs\Mima-Website\controllers\BaseController.php:34
Stack trace:
#0 C:\xampp\htdocs\Mima-Website\controllers\HelpController.php(38): BaseController->render('help/index', Array)
#1 C:\xampp\htdocs\Mima-Website\routes.php(184): HelpController->index()
#2 {main}
  thrown in C:\xampp\htdocs\Mima-Website\controllers\BaseController.php on line 34
[31-May-2025 17:53:31 Europe/Berlin] PHP Fatal error:  Uncaught Error: Call to undefined method Product::getAll() in C:\xampp\htdocs\Mima-Website\controllers\ProductController.php:17
Stack trace:
#0 C:\xampp\htdocs\Mima-Website\routes.php(68): ProductController->index()
#1 {main}
  thrown in C:\xampp\htdocs\Mima-Website\controllers\ProductController.php on line 17
